<?xml version="1.0" encoding="UTF-8"?>
<testsuite xmlns:xsi="http://www.w3.org/2001/XMLSchema-instance" xsi:noNamespaceSchemaLocation="https://maven.apache.org/surefire/maven-surefire-plugin/xsd/surefire-test-report-3.0.xsd" version="3.0" name="TestSuite" time="1.341" tests="1" errors="0" skipped="0" failures="0">
  <properties>
    <property name="sun.desktop" value="windows"/>
    <property name="awt.toolkit" value="sun.awt.windows.WToolkit"/>
    <property name="file.encoding.pkg" value="sun.io"/>
    <property name="java.specification.version" value="1.8"/>
    <property name="sun.cpu.isalist" value="amd64"/>
    <property name="sun.jnu.encoding" value="Cp1252"/>
    <property name="java.class.path" value="C:\Users\hagit\workspace\SimpleMavenJenkinsTest\target\test-classes;C:\Users\hagit\workspace\SimpleMavenJenkinsTest\target\classes;C:\Users\hagit\.m2\repository\junit\junit\3.8.1\junit-3.8.1.jar;C:\Users\hagit\.m2\repository\org\testng\testng\7.1.0\testng-7.1.0.jar;C:\Users\hagit\.m2\repository\com\beust\jcommander\1.72\jcommander-1.72.jar;C:\Users\hagit\.m2\repository\com\google\inject\guice\4.1.0\guice-4.1.0-no_aop.jar;C:\Users\hagit\.m2\repository\javax\inject\javax.inject\1\javax.inject-1.jar;C:\Users\hagit\.m2\repository\aopalliance\aopalliance\1.0\aopalliance-1.0.jar;C:\Users\hagit\.m2\repository\com\google\guava\guava\19.0\guava-19.0.jar;C:\Users\hagit\.m2\repository\org\yaml\snakeyaml\1.21\snakeyaml-1.21.jar;"/>
    <property name="java.vm.vendor" value="Oracle Corporation"/>
    <property name="sun.arch.data.model" value="64"/>
    <property name="user.variant" value=""/>
    <property name="java.vendor.url" value="http://java.oracle.com/"/>
    <property name="user.timezone" value="Asia/Jerusalem"/>
    <property name="java.vm.specification.version" value="1.8"/>
    <property name="os.name" value="Windows 10"/>
    <property name="user.country" value="US"/>
    <property name="sun.java.launcher" value="SUN_STANDARD"/>
    <property name="sun.boot.library.path" value="C:\Program Files\ojdkbuild\java-1.8.0-openjdk-1.8.0.171-1\jre\bin"/>
    <property name="sun.java.command" value="C:\Users\hagit\AppData\Local\Temp\surefire4544376554087202166\surefirebooter3577726246450353925.jar C:\Users\hagit\AppData\Local\Temp\surefire4544376554087202166 2020-08-08T12-40-00_866-jvmRun1 surefire4037223317443077106tmp surefire_01400925767005677100tmp"/>
    <property name="surefire.test.class.path" value="C:\Users\hagit\workspace\SimpleMavenJenkinsTest\target\test-classes;C:\Users\hagit\workspace\SimpleMavenJenkinsTest\target\classes;C:\Users\hagit\.m2\repository\junit\junit\3.8.1\junit-3.8.1.jar;C:\Users\hagit\.m2\repository\org\testng\testng\7.1.0\testng-7.1.0.jar;C:\Users\hagit\.m2\repository\com\beust\jcommander\1.72\jcommander-1.72.jar;C:\Users\hagit\.m2\repository\com\google\inject\guice\4.1.0\guice-4.1.0-no_aop.jar;C:\Users\hagit\.m2\repository\javax\inject\javax.inject\1\javax.inject-1.jar;C:\Users\hagit\.m2\repository\aopalliance\aopalliance\1.0\aopalliance-1.0.jar;C:\Users\hagit\.m2\repository\com\google\guava\guava\19.0\guava-19.0.jar;C:\Users\hagit\.m2\repository\org\yaml\snakeyaml\1.21\snakeyaml-1.21.jar;"/>
    <property name="sun.cpu.endian" value="little"/>
    <property name="user.home" value="C:\Users\hagit"/>
    <property name="user.language" value="en"/>
    <property name="java.specification.vendor" value="Oracle Corporation"/>
    <property name="java.home" value="C:\Program Files\ojdkbuild\java-1.8.0-openjdk-1.8.0.171-1\jre"/>
    <property name="basedir" value="C:\Users\hagit\workspace\SimpleMavenJenkinsTest"/>
    <property name="file.separator" value="\"/>
    <property name="line.separator" value="&#10;"/>
    <property name="java.vm.specification.vendor" value="Oracle Corporation"/>
    <property name="java.specification.name" value="Java Platform API Specification"/>
    <property name="java.awt.graphicsenv" value="sun.awt.Win32GraphicsEnvironment"/>
    <property name="surefire.real.class.path" value="C:\Users\hagit\AppData\Local\Temp\surefire4544376554087202166\surefirebooter3577726246450353925.jar"/>
    <property name="sun.boot.class.path" value="C:\Program Files\ojdkbuild\java-1.8.0-openjdk-1.8.0.171-1\jre\lib\resources.jar;C:\Program Files\ojdkbuild\java-1.8.0-openjdk-1.8.0.171-1\jre\lib\rt.jar;C:\Program Files\ojdkbuild\java-1.8.0-openjdk-1.8.0.171-1\jre\lib\sunrsasign.jar;C:\Program Files\ojdkbuild\java-1.8.0-openjdk-1.8.0.171-1\jre\lib\jsse.jar;C:\Program Files\ojdkbuild\java-1.8.0-openjdk-1.8.0.171-1\jre\lib\jce.jar;C:\Program Files\ojdkbuild\java-1.8.0-openjdk-1.8.0.171-1\jre\lib\charsets.jar;C:\Program Files\ojdkbuild\java-1.8.0-openjdk-1.8.0.171-1\jre\lib\jfr.jar;C:\Program Files\ojdkbuild\java-1.8.0-openjdk-1.8.0.171-1\jre\classes"/>
    <property name="user.script" value=""/>
    <property name="sun.management.compiler" value="HotSpot 64-Bit Tiered Compilers"/>
    <property name="java.runtime.version" value="1.8.0_171-1-ojdkbuild-b10"/>
    <property name="user.name" value="hagit"/>
    <property name="path.separator" value=";"/>
    <property name="os.version" value="10.0"/>
    <property name="java.endorsed.dirs" value="C:\Program Files\ojdkbuild\java-1.8.0-openjdk-1.8.0.171-1\jre\lib\endorsed"/>
    <property name="java.runtime.name" value="OpenJDK Runtime Environment"/>
    <property name="file.encoding" value="Cp1252"/>
    <property name="java.vm.name" value="OpenJDK 64-Bit Server VM"/>
    <property name="localRepository" value="C:\Users\hagit\.m2\repository"/>
    <property name="java.vendor.url.bug" value="http://bugreport.sun.com/bugreport/"/>
    <property name="java.io.tmpdir" value="C:\Users\hagit\AppData\Local\Temp\"/>
    <property name="java.version" value="1.8.0_171-1-ojdkbuild"/>
    <property name="user.dir" value="C:\Users\hagit\workspace\SimpleMavenJenkinsTest"/>
    <property name="os.arch" value="amd64"/>
    <property name="java.vm.specification.name" value="Java Virtual Machine Specification"/>
    <property name="java.awt.printerjob" value="sun.awt.windows.WPrinterJob"/>
    <property name="sun.os.patch.level" value=""/>
    <property name="java.library.path" value="C:\Program Files\ojdkbuild\java-1.8.0-openjdk-1.8.0.171-1\jre\bin;C:\WINDOWS\Sun\Java\bin;C:\WINDOWS\system32;C:\WINDOWS;C:/Program Files (x86)/Java/jre1.8.0_251/bin/client;C:/Program Files (x86)/Java/jre1.8.0_251/bin;C:/Program Files (x86)/Java/jre1.8.0_251/lib/i386;C:\Program Files\AdoptOpenJDK\jdk-8.0.252.09-hotspot\bin;C:\Program Files\BellSoft\LibericaJDK-8\bin\;C:\Program Files (x86)\Common Files\Oracle\Java\javapath;C:\Program Files (x86)\Intel\Intel(R) Management Engine Components\iCLS\;C:\Program Files\Intel\Intel(R) Management Engine Components\iCLS\;C:\WINDOWS\system32;C:\WINDOWS;C:\WINDOWS\System32\Wbem;C:\WINDOWS\System32\WindowsPowerShell\v1.0\;C:\Program Files (x86)\Intel\Intel(R) Management Engine Components\DAL;C:\Program Files\Intel\Intel(R) Management Engine Components\DAL;C:\Program Files (x86)\Intel\Intel(R) Management Engine Components\IPT;C:\Program Files\Intel\Intel(R) Management Engine Components\IPT;C:\WINDOWS\System32\OpenSSH\;C:\Program Files\ojdkbuild\java-1.8.0-openjdk-1.8.0.171-1\bin;C:\Users\hagit\AppData\Local\Microsoft\WindowsApps;;C:\Users\hagit\Desktop\eclipse_IDE_win_lin\eclipse;;."/>
    <property name="java.vm.info" value="mixed mode"/>
    <property name="java.vendor" value="Oracle Corporation"/>
    <property name="java.vm.version" value="25.171-b10"/>
    <property name="java.ext.dirs" value="C:\Program Files\ojdkbuild\java-1.8.0-openjdk-1.8.0.171-1\jre\lib\ext;C:\WINDOWS\Sun\Java\lib\ext"/>
    <property name="sun.io.unicode.encoding" value="UnicodeLittle"/>
    <property name="java.class.version" value="52.0"/>
  </properties>
  <testcase name="TryPrint" classname="SimpleMavenJenkinsTest.SimpleMavenJenkinsTest.SimpleTestClass" time="0.019"/>
</testsuite>