<?xml version="1.0" encoding="UTF-8"?>
<!-- Generated by org.testng.reporters.JUnitReportReporter -->
<testsuite skipped="0" hostname="DESKTOP-V79B874" name="SimpleMavenJenkinsTest.SimpleMavenJenkinsTest.SimpleTestClass" tests="1" failures="0" timestamp="2020-08-08T12:40:03 IDT" time="0.014" errors="0">
  <testcase name="TryPrint" time="0.014" classname="SimpleMavenJenkinsTest.SimpleMavenJenkinsTest.SimpleTestClass"/>
  <system-out/>
</testsuite> <!-- SimpleMavenJenkinsTest.SimpleMavenJenkinsTest.SimpleTestClass -->
